[debug] [2018-10-08T20:56:18.876Z] ----------------------------------------------------------------------
[debug] [2018-10-08T20:56:18.878Z] Command:       /usr/local/bin/node /usr/local/bin/firebase serve
[debug] [2018-10-08T20:56:18.879Z] CLI Version:   4.2.1
[debug] [2018-10-08T20:56:18.879Z] Platform:      darwin
[debug] [2018-10-08T20:56:18.879Z] Node Version:  v10.0.0
[debug] [2018-10-08T20:56:18.879Z] Time:          Mon Oct 08 2018 16:56:18 GMT-0400 (EDT)
[debug] [2018-10-08T20:56:18.879Z] ----------------------------------------------------------------------
[debug] 
[debug] [2018-10-08T20:56:18.890Z] > command requires scopes: ["email","openid","https://www.googleapis.com/auth/cloudplatformprojects.readonly","https://www.googleapis.com/auth/firebase","https://www.googleapis.com/auth/cloud-platform"]
[debug] [2018-10-08T20:56:18.891Z] > authorizing via signed-in user
[debug] [2018-10-08T20:56:18.892Z] > refreshing access token with scopes: ["email","https://www.googleapis.com/auth/cloud-platform","https://www.googleapis.com/auth/cloudplatformprojects.readonly","https://www.googleapis.com/auth/firebase","openid"]
[debug] [2018-10-08T20:56:18.893Z] >>> HTTP REQUEST POST https://www.googleapis.com/oauth2/v3/token  

[debug] [2018-10-08T20:56:19.159Z] <<< HTTP RESPONSE 200
[debug] [2018-10-08T20:56:19.194Z] >>> HTTP REQUEST GET https://admin.firebase.com/v1/projects/crime-watch-18b0e  
 
[debug] [2018-10-08T20:56:19.641Z] <<< HTTP RESPONSE 200
[debug] [2018-10-08T20:56:19.643Z] >>> HTTP REQUEST GET https://cloudresourcemanager.googleapis.com/v1/projects/crime-watch-18b0e  
 
[debug] [2018-10-08T20:56:20.048Z] <<< HTTP RESPONSE 200
[info] 
[info] === Serving from '/Users/jasontaylor/Desktop/CrimeWatch/web'...
[info] 
[debug] [2018-10-08T20:56:20.051Z] >>> HTTP REQUEST GET https://mobilesdk-pa.googleapis.com/v1/projects/340660938605/clients/_:getWebAppConfig  
 
[debug] [2018-10-08T20:56:20.312Z] <<< HTTP RESPONSE 200
[warn] ⚠  hosting: Port 5000 is not available. Trying another port...
[info] i  hosting[crime-watch-18b0e]: Serving hosting files from: build
[info] ✔  hosting[crime-watch-18b0e]: Local server: http://localhost:5005
[debug] [2018-10-08T20:59:04.558Z] ----------------------------------------------------------------------
[debug] [2018-10-08T20:59:04.560Z] Command:       /usr/local/bin/node /usr/local/bin/firebase serve
[debug] [2018-10-08T20:59:04.560Z] CLI Version:   4.2.1
[debug] [2018-10-08T20:59:04.560Z] Platform:      darwin
[debug] [2018-10-08T20:59:04.560Z] Node Version:  v10.0.0
[debug] [2018-10-08T20:59:04.561Z] Time:          Mon Oct 08 2018 16:59:04 GMT-0400 (EDT)
[debug] [2018-10-08T20:59:04.561Z] ----------------------------------------------------------------------
[debug] 
[debug] [2018-10-08T20:59:04.572Z] > command requires scopes: ["email","openid","https://www.googleapis.com/auth/cloudplatformprojects.readonly","https://www.googleapis.com/auth/firebase","https://www.googleapis.com/auth/cloud-platform"]
[debug] [2018-10-08T20:59:04.572Z] > authorizing via signed-in user
[debug] [2018-10-08T20:59:04.574Z] >>> HTTP REQUEST GET https://admin.firebase.com/v1/projects/crime-watch-18b0e  
 
[debug] [2018-10-08T20:59:05.050Z] <<< HTTP RESPONSE 200
[debug] [2018-10-08T20:59:05.053Z] >>> HTTP REQUEST GET https://cloudresourcemanager.googleapis.com/v1/projects/crime-watch-18b0e  
 
[debug] [2018-10-08T20:59:05.386Z] <<< HTTP RESPONSE 200
[info] 
[info] === Serving from '/Users/jasontaylor/Desktop/CrimeWatch/web'...
[info] 
[debug] [2018-10-08T20:59:05.389Z] >>> HTTP REQUEST GET https://mobilesdk-pa.googleapis.com/v1/projects/340660938605/clients/_:getWebAppConfig  
 
[debug] [2018-10-08T20:59:05.693Z] <<< HTTP RESPONSE 200
[info] i  hosting[crime-watch-18b0e]: Serving hosting files from: build
[info] ✔  hosting[crime-watch-18b0e]: Local server: http://localhost:5000
[debug] [2018-10-08T21:02:58.314Z] ----------------------------------------------------------------------
[debug] [2018-10-08T21:02:58.316Z] Command:       /usr/local/bin/node /usr/local/bin/firebase serve
[debug] [2018-10-08T21:02:58.316Z] CLI Version:   4.2.1
[debug] [2018-10-08T21:02:58.316Z] Platform:      darwin
[debug] [2018-10-08T21:02:58.316Z] Node Version:  v10.0.0
[debug] [2018-10-08T21:02:58.317Z] Time:          Mon Oct 08 2018 17:02:58 GMT-0400 (EDT)
[debug] [2018-10-08T21:02:58.317Z] ----------------------------------------------------------------------
[debug] 
[debug] [2018-10-08T21:02:58.328Z] > command requires scopes: ["email","openid","https://www.googleapis.com/auth/cloudplatformprojects.readonly","https://www.googleapis.com/auth/firebase","https://www.googleapis.com/auth/cloud-platform"]
[debug] [2018-10-08T21:02:58.328Z] > authorizing via signed-in user
[debug] [2018-10-08T21:02:58.330Z] >>> HTTP REQUEST GET https://admin.firebase.com/v1/projects/crime-watch-18b0e  
 
[debug] [2018-10-08T21:02:59.020Z] <<< HTTP RESPONSE 200
[debug] [2018-10-08T21:02:59.022Z] >>> HTTP REQUEST GET https://cloudresourcemanager.googleapis.com/v1/projects/crime-watch-18b0e  
 
[debug] [2018-10-08T21:02:59.418Z] <<< HTTP RESPONSE 200
[info] 
[info] === Serving from '/Users/jasontaylor/Desktop/CrimeWatch/web'...
[info] 
[debug] [2018-10-08T21:02:59.421Z] >>> HTTP REQUEST GET https://mobilesdk-pa.googleapis.com/v1/projects/340660938605/clients/_:getWebAppConfig  
 
[debug] [2018-10-08T21:02:59.831Z] <<< HTTP RESPONSE 200
[warn] ⚠  hosting: Port 5000 is not available. Trying another port...
[info] i  hosting[crime-watch-18b0e]: Serving hosting files from: build
[info] ✔  hosting[crime-watch-18b0e]: Local server: http://localhost:5005
[debug] [2018-10-08T21:04:27.139Z] ----------------------------------------------------------------------
[debug] [2018-10-08T21:04:27.141Z] Command:       /usr/local/bin/node /usr/local/bin/firebase serve
[debug] [2018-10-08T21:04:27.141Z] CLI Version:   4.2.1
[debug] [2018-10-08T21:04:27.141Z] Platform:      darwin
[debug] [2018-10-08T21:04:27.141Z] Node Version:  v10.0.0
[debug] [2018-10-08T21:04:27.142Z] Time:          Mon Oct 08 2018 17:04:27 GMT-0400 (EDT)
[debug] [2018-10-08T21:04:27.142Z] ----------------------------------------------------------------------
[debug] 
[debug] [2018-10-08T21:04:27.152Z] > command requires scopes: ["email","openid","https://www.googleapis.com/auth/cloudplatformprojects.readonly","https://www.googleapis.com/auth/firebase","https://www.googleapis.com/auth/cloud-platform"]
[debug] [2018-10-08T21:04:27.153Z] > authorizing via signed-in user
[debug] [2018-10-08T21:04:27.155Z] >>> HTTP REQUEST GET https://admin.firebase.com/v1/projects/crime-watch-18b0e  
 
[debug] [2018-10-08T21:04:27.713Z] <<< HTTP RESPONSE 200
[debug] [2018-10-08T21:04:27.716Z] >>> HTTP REQUEST GET https://cloudresourcemanager.googleapis.com/v1/projects/crime-watch-18b0e  
 
[debug] [2018-10-08T21:04:28.410Z] <<< HTTP RESPONSE 200
[info] 
[info] === Serving from '/Users/jasontaylor/Desktop/CrimeWatch/web'...
[info] 
[debug] [2018-10-08T21:04:28.413Z] >>> HTTP REQUEST GET https://mobilesdk-pa.googleapis.com/v1/projects/340660938605/clients/_:getWebAppConfig  
 
[debug] [2018-10-08T21:04:28.784Z] <<< HTTP RESPONSE 200
[warn] ⚠  hosting: Port 5000 is not available. Trying another port...
[warn] ⚠  hosting: Port 5000 is not available. Trying another port...
[info] i  hosting[crime-watch-18b0e]: Serving hosting files from: build
[info] ✔  hosting[crime-watch-18b0e]: Local server: http://localhost:5010
